<?xml version="1.0" encoding="UTF-8"?>
<!-- Generated by org.testng.reporters.JUnitXMLReporter -->
<testsuite hostname="DESKTOP-ACI7R7L" ignored="0" tests="1" failures="0" timestamp="27 Jan 2023 10:45:11 GMT" time="0.023" errors="0">
  <testcase name="@BeforeClass beforeTest" time="0.0" classname="MultiBrowser">
    <failure type="org.testng.TestNGException" message="
Parameter &amp;apos;browser&amp;apos; is required by BeforeClass on method beforeTest but has not been marked @Optional or defined
">
      <![CDATA[org.testng.TestNGException: 
Parameter 'browser' is required by BeforeClass on method beforeTest but has not been marked @Optional or defined

at com.sun.proxy.$Proxy2.stop(Unknown Source)
... Removed 40 stack frames]]>
    </failure>
  </testcase> <!-- @BeforeClass beforeTest -->
  <testcase name="test" time="0.0" classname="MultiBrowser">
    <skipped/>
  </testcase> <!-- test -->
</testsuite>
